build/app/outputs/mapping/release/mapping.txt
# compiler: R8
# compiler_version: 1.5.64
# min_api: 21
# pg_map_id: b45f9c2
...
com.google.android.gms.internal.auth-api-phone.zzg -> c.c.a.a.e.a.f:
    boolean zza(int,android.os.Parcel,android.os.Parcel,int) -> a
com.google.android.gms.internal.auth-api-phone.zzh -> c.c.a.a.e.a.g:
    void zza(com.google.android.gms.common.api.Status) -> c
com.google.android.gms.internal.auth-api-phone.zzi -> c.c.a.a.e.a.h:
    com.google.android.gms.tasks.Task startSmsUserConsent(java.lang.String) -> a
    com.google.android.gms.tasks.Task startSmsRetriever() -> h
com.google.android.gms.internal.auth-api-phone.zzj -> c.c.a.a.e.a.i:
    android.os.IInterface createServiceInterface(android.os.IBinder) -> a
    int getMinApkVersion() -> m
    com.google.android.gms.common.Feature[] getApiFeatures() -> r
    java.lang.String getServiceDescriptor() -> x
    java.lang.String getStartServiceAction() -> y
com.google.android.gms.internal.auth-api-phone.zzk -> c.c.a.a.e.a.j:
    void zza(com.google.android.gms.internal.auth-api-phone.zzf) -> a
com.google.android.gms.internal.auth-api-phone.zzl -> c.c.a.a.e.a.k:
    com.google.android.gms.internal.auth-api-phone.zzi zza -> a
    java.lang.String zzb -> b
    void accept(java.lang.Object,java.lang.Object) -> a
com.google.android.gms.internal.auth-api-phone.zzm -> c.c.a.a.e.a.l:
    com.google.android.gms.tasks.TaskCompletionSource zza -> a
    void zza(com.google.android.gms.common.api.Status) -> c
com.google.android.gms.internal.auth-api-phone.zzn -> c.c.a.a.e.a.m:
    com.google.android.gms.internal.auth-api-phone.zzk zza -> a
    void zza(com.google.android.gms.common.api.Status) -> c
com.google.android.gms.internal.auth-api-phone.zzo -> c.c.a.a.e.a.n:
    com.google.android.gms.common.Feature[] zzb -> b
    com.google.android.gms.common.Feature zza -> a
com.google.android.gms.internal.auth-api-phone.zzp -> c.c.a.a.e.a.o:
    com.google.android.gms.tasks.TaskCompletionSource zza -> c
    void doExecute(com.google.android.gms.common.api.Api$AnyClient,com.google.android.gms.tasks.TaskCompletionSource) -> a
    void zza(com.google.android.gms.common.api.Status) -> a
    void zza(com.google.android.gms.internal.auth-api-phone.zzf) -> a
com.google.android.gms.internal.auth-api.zzc -> c.c.a.a.e.b.a:
    android.os.IBinder zzc -> a
    java.lang.String zzd -> b
    android.os.Parcel obtainAndWriteInterfaceToken() -> V
    void transactAndReadExceptionReturnVoid(int,android.os.Parcel) -> a
com.google.android.gms.internal.auth-api.zzd -> c.c.a.a.e.b.b:
    boolean dispatchTransaction(int,android.os.Parcel,android.os.Parcel,int) -> a
com.google.android.gms.internal.auth-api.zze -> c.c.a.a.e.b.c:
    android.os.Parcelable zzc(android.os.Parcel,android.os.Parcelable$Creator) -> a
    void zzc(android.os.Parcel,android.os.IInterface) -> a
    void zzc(android.os.Parcel,android.os.Parcelable) -> a
com.google.android.gms.internal.auth-api.zzi -> c.c.a.a.e.b.d:
com.google.android.gms.internal.auth-api.zzr -> c.c.a.a.e.b.e:
    com.google.android.gms.auth.api.Auth$AuthCredentialsOptions zzaq -> D
    android.os.IInterface createServiceInterface(android.os.IBinder) -> a
    int getMinApkVersion() -> m
    android.os.Bundle getGetServiceRequestExtraArgs() -> t
    java.lang.String getServiceDescriptor() -> x
    java.lang.String getStartServiceAction() -> y
com.google.android.gms.internal.auth-api.zzw -> c.c.a.a.e.b.f:
com.google.android.gms.internal.auth-api.zzx -> c.c.a.a.e.b.g:
com.google.android.gms.internal.auth.zza -> c.c.a.a.e.c.a:
    android.os.IBinder zza -> a
com.google.android.gms.internal.auth.zzak -> c.c.a.a.e.c.b:
    android.os.Bundle zzbv -> D
    android.os.IInterface createServiceInterface(android.os.IBinder) -> a
    boolean requiresSignIn() -> j
    int getMinApkVersion() -> m
    android.os.Bundle getGetServiceRequestExtraArgs() -> t
    java.lang.String getServiceDescriptor() -> x
    java.lang.String getStartServiceAction() -> y
com.google.android.gms.internal.auth.zzan -> c.c.a.a.e.c.c:
com.google.android.gms.internal.auth.zzao -> c.c.a.a.e.c.d: